-------- Log file moonheat.log -------

Executable: /home/hector/Dropbox/UNIVERSIDAD/Pittsburgh/Habitable_zones/vplanet/vplanet
System Name: moonheat
Primary Input File: vpl.in
Body File #1: planet.in
Body File #2: moon.in
Allow files to be overwitten: Yes
Mass Units: Kilograms
Length Units: Meters
Time Units: Seconds
Angle Units: Radians

------- FORMATTING -----
Verbosity Level: 5
Crossover Decade for Scientific Notation: 4
Number of Digits After Decimal: 6
Integration Method: Runge-Kutta4
Direction: Forward
Time Step: 3.155760e+07
Stop Time: 3.155760e+11
Output Interval: 3.155760e+08
Use Variable Timestep: Yes
dEta: 0.010000
Minimum Value of ecc and obl: 0.000000


---- INITIAL SYSTEM PROPERTIES ----
(Age) System Age [sec]: 0.000000 
(Time) Simulation Time [sec]: 0.000000 
(TotAngMom) Total Angular Momentum [kg*m^2/sec]: 4.872303e+36 
(TotEnergy) Total System Energy [kg*m^2/sec^2]: -7.494453e+36 
(PotEnergy) Body's non-orbital Potential Energy [kg*m^2/sec^2]: -7.494455e+36 
(KinEnergy) Body's non-orbital Kinetic Energy [kg*m^2/sec^2]: 2.866196e+30 
(DeltaTime) Average Timestep Over Last Output Interval [sec]: inf 
(Density) Average Density [kg/m^3]: 1.416894e+04 
(LongP) Body's Longitude of pericenter [rad]: 0.000000 
(LXUVTot) Total XUV Luminosity [kg*m^2/sec^2/(m^2*sec)]: 0.000000 

----- BODY: planet ----
Active Modules: EQTIDE
Module Bit Sum: 3
Color: 000000
(Mass) Mass [kg]: 4.544236e+27 
(Obliquity) Obliquity [rad]: 0.000000 
(PrecA) Body's precession angle [rad]: 0.000000 
(Xobl) Body's sin(obl)*cos(pA) []: 0.000000 
(Yobl) Body's sin(obl)*sin(pA) []: 0.000000 
(Zobl) Body's cos(obl) []: 1.000000 
(Radius) Radius [m]: 1.103411e+08 
(RadGyra) Radius of Gyration []: 0.270000 
(RotAngMom) Rotational Angular Momentum [kg*m^2/sec]: 4.808389e+36 
(RotKinEnergy) Body's Rotational Energy [kg*m^2/sec^2]: 2.866196e+30 
(RotVel) Rotational Velocity [m/sec]: 131.544810 
(BodyType) Type of Body (0 == planet) []: 0.000000 
(RotRate) Rotational Frequency [/sec]: 1.192165e-06 
(RotPer) Rotational Period [sec]: 5.270400e+06 
(SurfEnFluxTotal) Total Surface Energy Flux [kg*m^2/sec^2/(m^2*sec)]: 1.755721e-09 
(TidalQ) Tidal Q []: 1.000000e+06 
(ImK2) Im(k_2) []: 1.500000e-06 
(K2) k_2 []: 1.500000 
(K2Man) Real Love Number k2 Mantle []: 1.500000 
(Imk2Man) Imaginary Love Number k2 Mantle []: 1.500000e-06 
(HEcc) Poincare's h (=e*sin(varpi) []: 0.000000 
(HZLimitDryRunaway) Semi-major axis of Dry Runaway HZ Limit [m]: -1.000000 
(KEcc) Poincare's k (=e*cos(varpi) []: 0.000000 
(Eccentricity) Orbital Eccentricity []: -1.000000 
(OrbEnergy) Body's Total Orbital Energy [kg*m^2/sec^2]: 0.000000 
(MeanMotion) Orbital Mean Motion [/sec]: -1.000000 
(OrbPeriod) Orbital Period [sec]: -1.000000 
(SemiMajorAxis) Semi-major Axis [m]: -1.000000 
(OrbAngMom) Orbital Angular Momentum [kg*m^2/sec]: 0.000000 
(TotOrbEnergy) System's Total Orbital Energy [kg*m^2/sec^2]: -4.932647e+29 
(OrbPotEnergy) Body's Orbital Potential Energy [kg*m^2/sec^2]: -1.000000 
(LostEnergy) Body's Total Lost Energy [kg*m^2/sec^2]: 0.000000 
----- EQTIDE PARAMETERS (planet)------
(LockTime) Time when body tidally locked. [sec]: -1.000000 
(BodyDsemiDtEqtide) Body's Contribution to dSemi/dt in EQTIDE []: -1.000000 
(BodyDeccDt) Body's Contribution to dEcc/dt in EQTIDE []: -1.000000 
(DOblDtEqtide) Time Rate of Change of Obliquity in EQTIDE [rad/sec]: 0.000000 
(DRotPerDtEqtide) Time Rate of Change of Rotation Period in EQTIDE []: -2.065797e-17 
(DRotRateDtEqtide) Time Rate of Change of Rotational Frequency in EQTIDE [/sec^2]: 4.672834e-30 
(EqRotRateDiscrete) CPL2 Discrete Equilibrium Spin Rate [/sec]: 1.543444e-05 
(EqRotPerDiscrete) CPL2 Discrete Equilibrium Spin Period [sec]: 4.070888e+05 
(EqRotRateCont) CPL2 Continuous Equilibrium Spin Rate [/sec]: 1.544910e-05 
(EqRotPerCont) CPL2 Continuous Equilibrium Rotation Period [sec]: 4.067024e+05 
(EqRotPer) Equilibrium Rotation Period [sec]: 4.070888e+05 
(EqRotRate) Equilibrium Rotation Rate [/sec]: 1.543444e-05 
(GammaRot) Gamma_Rotation [cgs]: -1.000000 
(GammaOrb) Gamma_Orbital [cgs]: -1.000000 
(OceanK2) K2_Ocean []: 1.000000 
(EnvTidalQ) Envelope Tidal Q []: 0.010000 
(OceanTidalQ) Ocean Tidal Q []: 30.000000 
(TideLock) Tidally Locked? []: 0.000000 
(RotTimeEqtide) Timescale for Rotational Evolution in EQTIDE [sec]: 2.551267e+23 
(EnvK2) K2_Env []: 0.010000 
(OblTimeEqtide) Timescale for Obliquity Evolution in EQTIDE []: -1.000000 
(PowerEqtide) Internal Power due to Tides in EQTIDE [TW]: 0.000269 
(SurfEnFluxEqtide) Surface Energy Flux due to Tides in EQTIDE [kg*m^2/sec^2/(m^2*sec)]: 1.755721e-09 
Tidal Perturbers: moon
Output Order: Age[year] PowerEqtide[TW]
Grid Output Order:

----- BODY: moon ----
Active Modules: EQTIDE
Module Bit Sum: 3
Color: 000000
(Mass) Mass [kg]: 3.525381e+21 
(Obliquity) Obliquity [rad]: 0.000000 
(PrecA) Body's precession angle [rad]: 0.000000 
(Xobl) Body's sin(obl)*cos(pA) []: 0.000000 
(Yobl) Body's sin(obl)*sin(pA) []: 0.000000 
(Zobl) Body's cos(obl) []: 1.000000 
(Radius) Radius [m]: 2.640533e+06 
(RadGyra) Radius of Gyration []: 0.270000 
(RotAngMom) Rotational Angular Momentum [kg*m^2/sec]: 2.765717e+28 
(RotKinEnergy) Body's Rotational Energy [kg*m^2/sec^2]: 2.134364e+23 
(RotVel) Rotational Velocity [m/sec]: 40.755144 
(BodyType) Type of Body (0 == planet) []: 0.000000 
(RotRate) Rotational Frequency [/sec]: 1.543444e-05 
(RotPer) Rotational Period [sec]: 4.070888e+05 
(SurfEnFluxTotal) Total Surface Energy Flux [kg*m^2/sec^2/(m^2*sec)]: 0.060565 
(TidalQ) Tidal Q []: 100.000000 
(ImK2) Im(k_2) []: 0.003000 
(K2) k_2 []: 0.300000 
(K2Man) Real Love Number k2 Mantle []: 0.300000 
(Imk2Man) Imaginary Love Number k2 Mantle []: 0.003000 
(HEcc) Poincare's h (=e*sin(varpi) []: 0.000000 
(HZLimitDryRunaway) Semi-major axis of Dry Runaway HZ Limit [m]: -1.000000 
(KEcc) Poincare's k (=e*cos(varpi) []: 0.010000 
(Eccentricity) Orbital Eccentricity []: 0.010000 
(OrbEnergy) Body's Total Orbital Energy [kg*m^2/sec^2]: -4.932647e+29 
(MeanMotion) Orbital Mean Motion [/sec]: 1.543444e-05 
(OrbPeriod) Orbital Period [sec]: 4.070888e+05 
(SemiMajorAxis) Semi-major Axis [m]: 1.083831e+09 
(OrbAngMom) Orbital Angular Momentum [kg*m^2/sec]: 6.391423e+34 
(TotOrbEnergy) System's Total Orbital Energy [kg*m^2/sec^2]: -4.932647e+29 
(OrbPotEnergy) Body's Orbital Potential Energy [kg*m^2/sec^2]: -9.865295e+29 
(LostEnergy) Body's Total Lost Energy [kg*m^2/sec^2]: 0.000000 
----- EQTIDE PARAMETERS (moon)------
(TidalRadius) Tidal Radius [m]: 2.640533e+06 
(DsemiDtEqtide) Total da/dt in EQTIDE [m/sec]: -1.166065e-08 
(DeccDtEqtide) Total de/dt in EQTIDE [/sec]: -5.379074e-16 
(DMeanMotionDtEqtide) Total dMeanMotion/dt in EQTIDE [/sec^2]: 2.490826e-22 
(DOrbPerDtEqtide) Total dOrbPer/dt in EQTIDE []: -6.569642e-12 
(EccTimeEqtide) Timescale for Eccentricity Evolution (e/[de/dt]) in EQTIDE [sec]: 1.859056e+13 
(SemiTimeEqtide) Timescale for Semi-major Axis Evolution (a/[da/dt]) in EQTIDE [sec]: 9.294770e+16 
(DHEccDtEqtide) Time Rate of Change of Poincare's h in EQTIDE [/sec]: -0.000000 
(DKEccDtEqtide) Time Rate of Change of Poincare's k in EQTIDE [/sec]: -5.379074e-16 
(DXoblDtEqtide) Time Rate of Change of Laskar's X in EQTIDE [/sec]: 0.000000 
(DYoblDtEqtide) Time Rate of Change of Laskar's Y in EQTIDE [/sec]: 0.000000 
(DZoblDtEqtide) Time Rate of Change of Laskar's Z in EQTIDE [/sec]: 0.000000 
(LockTime) Time when body tidally locked. [sec]: 0.000000 
(BodyDsemiDtEqtide) Body's Contribution to dSemi/dt in EQTIDE []: -1.000000 
(BodyDeccDt) Body's Contribution to dEcc/dt in EQTIDE []: -1.000000 
(DOblDtEqtide) Time Rate of Change of Obliquity in EQTIDE [rad/sec]: 0.000000 
(DRotPerDtEqtide) Time Rate of Change of Rotation Period in EQTIDE []: -1.467178e-298 
(DRotRateDtEqtide) Time Rate of Change of Rotational Frequency in EQTIDE [/sec^2]: 5.562685e-309 
(EqRotRateDiscrete) CPL2 Discrete Equilibrium Spin Rate [/sec]: 1.543444e-05 
(EqRotPerDiscrete) CPL2 Discrete Equilibrium Spin Period [sec]: 4.070888e+05 
(EqRotRateCont) CPL2 Continuous Equilibrium Spin Rate [/sec]: 1.544910e-05 
(EqRotPerCont) CPL2 Continuous Equilibrium Rotation Period [sec]: 4.067024e+05 
(EqRotPer) Equilibrium Rotation Period [sec]: 4.070888e+05 
(EqRotRate) Equilibrium Rotation Rate [/sec]: 1.543444e-05 
(GammaRot) Gamma_Rotation [cgs]: -1.000000 
(GammaOrb) Gamma_Orbital [cgs]: -1.000000 
(OceanK2) K2_Ocean []: 1.000000 
(EnvTidalQ) Envelope Tidal Q []: 0.010000 
(OceanTidalQ) Ocean Tidal Q []: 30.000000 
(TideLock) Tidally Locked? []: 1.000000 
(RotTimeEqtide) Timescale for Rotational Evolution in EQTIDE [sec]: 2.774638e+303 
(EnvK2) K2_Env []: 0.010000 
(OblTimeEqtide) Timescale for Obliquity Evolution in EQTIDE []: -1.000000 
(PowerEqtide) Internal Power due to Tides in EQTIDE [TW]: 5.306615 
(SurfEnFluxEqtide) Surface Energy Flux due to Tides in EQTIDE [kg*m^2/sec^2/(m^2*sec)]: 0.060565 
Tidal Perturbers: planet
Output Order: Age[year] PowerEqtide[TW] SemiMajorAxis[Earth] Eccentricity[]
Grid Output Order:



---- FINAL SYSTEM PROPERTIES ----
(Age) System Age [sec]: 3.155760e+11 
(Time) Simulation Time [sec]: 3.155760e+11 
(TotAngMom) Total Angular Momentum [kg*m^2/sec]: 4.872303e+36 
(TotEnergy) Total System Energy [kg*m^2/sec^2]: -7.494453e+36 
(PotEnergy) Body's non-orbital Potential Energy [kg*m^2/sec^2]: -7.494455e+36 
(KinEnergy) Body's non-orbital Kinetic Energy [kg*m^2/sec^2]: 2.866196e+30 
(DeltaTime) Average Timestep Over Last Output Interval [sec]: 3.155760e+05 
(Density) Average Density [kg/m^3]: 1.416894e+04 
(LongP) Body's Longitude of pericenter [rad]: 0.000000 
(LXUVTot) Total XUV Luminosity [kg*m^2/sec^2/(m^2*sec)]: 0.000000 

----- BODY: planet ----
Active Modules: EQTIDE
Module Bit Sum: 3
Color: 000000
(Mass) Mass [kg]: 4.544236e+27 
(Obliquity) Obliquity [rad]: 0.000000 
(PrecA) Body's precession angle [rad]: 0.000000 
(Xobl) Body's sin(obl)*cos(pA) []: 0.000000 
(Yobl) Body's sin(obl)*sin(pA) []: 0.000000 
(Zobl) Body's cos(obl) []: 1.000000 
(Radius) Radius [m]: 1.103411e+08 
(RadGyra) Radius of Gyration []: 0.270000 
(RotAngMom) Rotational Angular Momentum [kg*m^2/sec]: 4.808389e+36 
(RotKinEnergy) Body's Rotational Energy [kg*m^2/sec^2]: 2.866196e+30 
(RotVel) Rotational Velocity [m/sec]: 131.544810 
(BodyType) Type of Body (0 == planet) []: 0.000000 
(RotRate) Rotational Frequency [/sec]: 1.192165e-06 
(RotPer) Rotational Period [sec]: 5.270400e+06 
(SurfEnFluxTotal) Total Surface Energy Flux [kg*m^2/sec^2/(m^2*sec)]: 1.755679e-09 
(TidalQ) Tidal Q []: 1.000000e+06 
(ImK2) Im(k_2) []: 1.500000e-06 
(K2) k_2 []: 1.500000 
(K2Man) Real Love Number k2 Mantle []: 1.500000 
(Imk2Man) Imaginary Love Number k2 Mantle []: 1.500000e-06 
(HEcc) Poincare's h (=e*sin(varpi) []: 0.000000 
(HZLimitDryRunaway) Semi-major axis of Dry Runaway HZ Limit [m]: -1.000000 
(KEcc) Poincare's k (=e*cos(varpi) []: 0.000000 
(Eccentricity) Orbital Eccentricity []: -1.000000 
(OrbEnergy) Body's Total Orbital Energy [kg*m^2/sec^2]: 0.000000 
(MeanMotion) Orbital Mean Motion [/sec]: -1.000000 
(OrbPeriod) Orbital Period [sec]: -1.000000 
(SemiMajorAxis) Semi-major Axis [m]: -1.000000 
(OrbAngMom) Orbital Angular Momentum [kg*m^2/sec]: 0.000000 
(TotOrbEnergy) System's Total Orbital Energy [kg*m^2/sec^2]: -4.932664e+29 
(OrbPotEnergy) Body's Orbital Potential Energy [kg*m^2/sec^2]: -1.000000 
(LostEnergy) Body's Total Lost Energy [kg*m^2/sec^2]: 8.475524e+19 
----- EQTIDE PARAMETERS (planet)------
(LockTime) Time when body tidally locked. [sec]: -1.000000 
(BodyDsemiDtEqtide) Body's Contribution to dSemi/dt in EQTIDE []: -1.000000 
(BodyDeccDt) Body's Contribution to dEcc/dt in EQTIDE []: -1.000000 
(DOblDtEqtide) Time Rate of Change of Obliquity in EQTIDE [rad/sec]: 0.000000 
(DRotPerDtEqtide) Time Rate of Change of Rotation Period in EQTIDE []: -2.065786e-17 
(DRotRateDtEqtide) Time Rate of Change of Rotational Frequency in EQTIDE [/sec^2]: 4.672810e-30 
(EqRotRateDiscrete) CPL2 Discrete Equilibrium Spin Rate [/sec]: 1.543451e-05 
(EqRotPerDiscrete) CPL2 Discrete Equilibrium Spin Period [sec]: 4.070867e+05 
(EqRotRateCont) CPL2 Continuous Equilibrium Spin Rate [/sec]: 1.544869e-05 
(EqRotPerCont) CPL2 Continuous Equilibrium Rotation Period [sec]: 4.067132e+05 
(EqRotPer) Equilibrium Rotation Period [sec]: 4.070867e+05 
(EqRotRate) Equilibrium Rotation Rate [/sec]: 1.543451e-05 
(GammaRot) Gamma_Rotation [cgs]: -1.000000 
(GammaOrb) Gamma_Orbital [cgs]: -1.000000 
(OceanK2) K2_Ocean []: 1.000000 
(EnvTidalQ) Envelope Tidal Q []: 0.010000 
(OceanTidalQ) Ocean Tidal Q []: 30.000000 
(TideLock) Tidally Locked? []: 0.000000 
(RotTimeEqtide) Timescale for Rotational Evolution in EQTIDE [sec]: 2.551280e+23 
(EnvK2) K2_Env []: 0.010000 
(OblTimeEqtide) Timescale for Obliquity Evolution in EQTIDE []: -1.000000 
(PowerEqtide) Internal Power due to Tides in EQTIDE [TW]: 0.000269 
(SurfEnFluxEqtide) Surface Energy Flux due to Tides in EQTIDE [kg*m^2/sec^2/(m^2*sec)]: 1.755679e-09 
Tidal Perturbers: moon
Output Order: Age[year] PowerEqtide[TW]
Grid Output Order:

----- BODY: moon ----
Active Modules: EQTIDE
Module Bit Sum: 3
Color: 000000
(Mass) Mass [kg]: 3.525381e+21 
(Obliquity) Obliquity [rad]: 0.000000 
(PrecA) Body's precession angle [rad]: 0.000000 
(Xobl) Body's sin(obl)*cos(pA) []: 0.000000 
(Yobl) Body's sin(obl)*sin(pA) []: 0.000000 
(Zobl) Body's cos(obl) []: 1.000000 
(Radius) Radius [m]: 2.640533e+06 
(RadGyra) Radius of Gyration []: 0.270000 
(RotAngMom) Rotational Angular Momentum [kg*m^2/sec]: 2.765731e+28 
(RotKinEnergy) Body's Rotational Energy [kg*m^2/sec^2]: 2.134385e+23 
(RotVel) Rotational Velocity [m/sec]: 40.755348 
(BodyType) Type of Body (0 == planet) []: 0.000000 
(RotRate) Rotational Frequency [/sec]: 1.543451e-05 
(RotPer) Rotational Period [sec]: 4.070867e+05 
(SurfEnFluxTotal) Total Surface Energy Flux [kg*m^2/sec^2/(m^2*sec)]: 0.058545 
(TidalQ) Tidal Q []: 100.000000 
(ImK2) Im(k_2) []: 0.003000 
(K2) k_2 []: 0.300000 
(K2Man) Real Love Number k2 Mantle []: 0.300000 
(Imk2Man) Imaginary Love Number k2 Mantle []: 0.003000 
(HEcc) Poincare's h (=e*sin(varpi) []: 0.000000 
(HZLimitDryRunaway) Semi-major axis of Dry Runaway HZ Limit [m]: -1.000000 
(KEcc) Poincare's k (=e*cos(varpi) []: 0.009832 
(Eccentricity) Orbital Eccentricity []: 0.009832 
(OrbEnergy) Body's Total Orbital Energy [kg*m^2/sec^2]: -4.932664e+29 
(MeanMotion) Orbital Mean Motion [/sec]: 1.543451e-05 
(OrbPeriod) Orbital Period [sec]: 4.070867e+05 
(SemiMajorAxis) Semi-major Axis [m]: 1.083827e+09 
(OrbAngMom) Orbital Angular Momentum [kg*m^2/sec]: 6.391423e+34 
(TotOrbEnergy) System's Total Orbital Energy [kg*m^2/sec^2]: -4.932664e+29 
(OrbPotEnergy) Body's Orbital Potential Energy [kg*m^2/sec^2]: -9.865328e+29 
(LostEnergy) Body's Total Lost Energy [kg*m^2/sec^2]: 1.646274e+24 
----- EQTIDE PARAMETERS (moon)------
(TidalRadius) Tidal Radius [m]: 2.640533e+06 
(DsemiDtEqtide) Total da/dt in EQTIDE [m/sec]: -1.127164e-08 
(DeccDtEqtide) Total de/dt in EQTIDE [/sec]: -5.288649e-16 
(DMeanMotionDtEqtide) Total dMeanMotion/dt in EQTIDE [/sec^2]: 2.407749e-22 
(DOrbPerDtEqtide) Total dOrbPer/dt in EQTIDE []: -6.350461e-12 
(EccTimeEqtide) Timescale for Eccentricity Evolution (e/[de/dt]) in EQTIDE [sec]: 1.859016e+13 
(SemiTimeEqtide) Timescale for Semi-major Axis Evolution (a/[da/dt]) in EQTIDE [sec]: 9.615523e+16 
(DHEccDtEqtide) Time Rate of Change of Poincare's h in EQTIDE [/sec]: -0.000000 
(DKEccDtEqtide) Time Rate of Change of Poincare's k in EQTIDE [/sec]: -5.288649e-16 
(DXoblDtEqtide) Time Rate of Change of Laskar's X in EQTIDE [/sec]: 0.000000 
(DYoblDtEqtide) Time Rate of Change of Laskar's Y in EQTIDE [/sec]: 0.000000 
(DZoblDtEqtide) Time Rate of Change of Laskar's Z in EQTIDE [/sec]: 0.000000 
(LockTime) Time when body tidally locked. [sec]: 0.000000 
(BodyDsemiDtEqtide) Body's Contribution to dSemi/dt in EQTIDE []: -1.000000 
(BodyDeccDt) Body's Contribution to dEcc/dt in EQTIDE []: -1.000000 
(DOblDtEqtide) Time Rate of Change of Obliquity in EQTIDE [rad/sec]: 0.000000 
(DRotPerDtEqtide) Time Rate of Change of Rotation Period in EQTIDE []: -1.467163e-298 
(DRotRateDtEqtide) Time Rate of Change of Rotational Frequency in EQTIDE [/sec^2]: 5.562685e-309 
(EqRotRateDiscrete) CPL2 Discrete Equilibrium Spin Rate [/sec]: 1.543451e-05 
(EqRotPerDiscrete) CPL2 Discrete Equilibrium Spin Period [sec]: 4.070867e+05 
(EqRotRateCont) CPL2 Continuous Equilibrium Spin Rate [/sec]: 1.544869e-05 
(EqRotPerCont) CPL2 Continuous Equilibrium Rotation Period [sec]: 4.067132e+05 
(EqRotPer) Equilibrium Rotation Period [sec]: 4.070867e+05 
(EqRotRate) Equilibrium Rotation Rate [/sec]: 1.543451e-05 
(GammaRot) Gamma_Rotation [cgs]: -1.000000 
(GammaOrb) Gamma_Orbital [cgs]: -1.000000 
(OceanK2) K2_Ocean []: 1.000000 
(EnvTidalQ) Envelope Tidal Q []: 0.010000 
(OceanTidalQ) Ocean Tidal Q []: 30.000000 
(TideLock) Tidally Locked? []: 1.000000 
(RotTimeEqtide) Timescale for Rotational Evolution in EQTIDE [sec]: 2.774652e+303 
(EnvK2) K2_Env []: 0.010000 
(OblTimeEqtide) Timescale for Obliquity Evolution in EQTIDE []: -1.000000 
(PowerEqtide) Internal Power due to Tides in EQTIDE [TW]: 5.129605 
(SurfEnFluxEqtide) Surface Energy Flux due to Tides in EQTIDE [kg*m^2/sec^2/(m^2*sec)]: 0.058545 
Tidal Perturbers: planet
Output Order: Age[year] PowerEqtide[TW] SemiMajorAxis[Earth] Eccentricity[]
Grid Output Order:

Runtime = 1 s
Total Number of Steps = 1000
