-------- Log file moonheat.log -------

Executable: /home/hector/Dropbox/UNIVERSIDAD/Pittsburgh/Habitable_zones/vplanet/vplanet
System Name: moonheat
Primary Input File: vpl.in
Body File #1: planet.in
Body File #2: moon.in
Allow files to be overwitten: Yes
Mass Units: Kilograms
Length Units: Meters
Time Units: Seconds
Angle Units: Radians

------- FORMATTING -----
Verbosity Level: 5
Crossover Decade for Scientific Notation: 4
Number of Digits After Decimal: 6
Integration Method: Runge-Kutta4
Direction: Forward
Time Step: 3.155760e+07
Stop Time: 3.155760e+11
Output Interval: 3.155760e+08
Use Variable Timestep: Yes
dEta: 0.010000
Minimum Value of ecc and obl: 0.000000


---- INITIAL SYSTEM PROPERTIES ----
(Age) System Age [sec]: 0.000000 
(Time) Simulation Time [sec]: 0.000000 
(TotAngMom) Total Angular Momentum [kg*m^2/sec]: 3.036371e+35 
(TotEnergy) Total System Energy [kg*m^2/sec^2]: -1.125478e+34 
(PotEnergy) Body's non-orbital Potential Energy [kg*m^2/sec^2]: -1.125440e+34 
(KinEnergy) Body's non-orbital Kinetic Energy [kg*m^2/sec^2]: 1.108053e+30 
(DeltaTime) Average Timestep Over Last Output Interval [sec]: inf 
(Density) Average Density [kg/m^3]: 2.275528e+04 
(LongP) Body's Longitude of pericenter [rad]: 0.000000 
(LXUVTot) Total XUV Luminosity [kg*m^2/sec^2/(m^2*sec)]: 0.000000 

----- BODY: planet ----
Active Modules: EQTIDE
Module Bit Sum: 3
Color: 000000
(Mass) Mass [kg]: 8.361060e+25 
(Obliquity) Obliquity [rad]: 0.000000 
(PrecA) Body's precession angle [rad]: 0.000000 
(Xobl) Body's sin(obl)*cos(pA) []: 0.000000 
(Yobl) Body's sin(obl)*sin(pA) []: 0.000000 
(Zobl) Body's cos(obl) []: 1.000000 
(Radius) Radius [m]: 2.487459e+07 
(RadGyra) Radius of Gyration []: 0.270000 
(RotAngMom) Rotational Angular Momentum [kg*m^2/sec]: 9.142093e+34 
(RotKinEnergy) Body's Rotational Energy [kg*m^2/sec^2]: 1.108053e+30 
(RotVel) Rotational Velocity [m/sec]: 602.977077 
(BodyType) Type of Body (0 == planet) []: 0.000000 
(RotRate) Rotational Frequency [/sec]: 2.424068e-05 
(RotPer) Rotational Period [sec]: 2.592000e+05 
(SurfEnFluxTotal) Total Surface Energy Flux [kg*m^2/sec^2/(m^2*sec)]: 0.000242 
(TidalQ) Tidal Q []: 1.000000e+05 
(ImK2) Im(k_2) []: 1.500000e-05 
(K2) k_2 []: 1.500000 
(K2Man) Real Love Number k2 Mantle []: 1.500000 
(Imk2Man) Imaginary Love Number k2 Mantle []: 1.500000e-05 
(HEcc) Poincare's h (=e*sin(varpi) []: 0.000000 
(HZLimitDryRunaway) Semi-major axis of Dry Runaway HZ Limit [m]: -1.000000 
(KEcc) Poincare's k (=e*cos(varpi) []: 0.000000 
(Eccentricity) Orbital Eccentricity []: -1.000000 
(OrbEnergy) Body's Total Orbital Energy [kg*m^2/sec^2]: 0.000000 
(MeanMotion) Orbital Mean Motion [/sec]: -1.000000 
(OrbPeriod) Orbital Period [sec]: -1.000000 
(SemiMajorAxis) Semi-major Axis [m]: -1.000000 
(OrbAngMom) Orbital Angular Momentum [kg*m^2/sec]: 0.000000 
(TotOrbEnergy) System's Total Orbital Energy [kg*m^2/sec^2]: -1.148550e+30 
(OrbPotEnergy) Body's Orbital Potential Energy [kg*m^2/sec^2]: -1.000000 
(LostEnergy) Body's Total Lost Energy [kg*m^2/sec^2]: 0.000000 
----- EQTIDE PARAMETERS (planet)------
(LockTime) Time when body tidally locked. [sec]: -1.000000 
(BodyDsemiDtEqtide) Body's Contribution to dSemi/dt in EQTIDE []: -1.000000 
(BodyDeccDt) Body's Contribution to dEcc/dt in EQTIDE []: -1.000000 
(DOblDtEqtide) Time Rate of Change of Obliquity in EQTIDE [rad/sec]: 0.000000 
(DRotPerDtEqtide) Time Rate of Change of Rotation Period in EQTIDE []: 3.972579e-13 
(DRotRateDtEqtide) Time Rate of Change of Rotational Frequency in EQTIDE [/sec^2]: -3.715202e-23 
(EqRotRateDiscrete) CPL2 Discrete Equilibrium Spin Rate [/sec]: 1.082384e-05 
(EqRotPerDiscrete) CPL2 Discrete Equilibrium Spin Period [sec]: 5.804950e+05 
(EqRotRateCont) CPL2 Continuous Equilibrium Spin Rate [/sec]: 1.083412e-05 
(EqRotPerCont) CPL2 Continuous Equilibrium Rotation Period [sec]: 5.799440e+05 
(EqRotPer) Equilibrium Rotation Period [sec]: 5.804950e+05 
(EqRotRate) Equilibrium Rotation Rate [/sec]: 1.082384e-05 
(GammaRot) Gamma_Rotation [cgs]: -1.000000 
(GammaOrb) Gamma_Orbital [cgs]: -1.000000 
(OceanK2) K2_Ocean []: 1.000000 
(EnvTidalQ) Envelope Tidal Q []: 0.010000 
(OceanTidalQ) Ocean Tidal Q []: 30.000000 
(TideLock) Tidally Locked? []: 0.000000 
(RotTimeEqtide) Timescale for Rotational Evolution in EQTIDE [sec]: 6.524728e+17 
(EnvK2) K2_Env []: 0.010000 
(OblTimeEqtide) Timescale for Obliquity Evolution in EQTIDE []: -1.000000 
(PowerEqtide) Internal Power due to Tides in EQTIDE [TW]: 1.879099 
(SurfEnFluxEqtide) Surface Energy Flux due to Tides in EQTIDE [kg*m^2/sec^2/(m^2*sec)]: 0.000242 
Tidal Perturbers: moon
Output Order: Age[year] PowerEqtide[TW]
Grid Output Order:

----- BODY: moon ----
Active Modules: EQTIDE
Module Bit Sum: 3
Color: 000000
(Mass) Mass [kg]: 1.493047e+23 
(Obliquity) Obliquity [rad]: 0.000000 
(PrecA) Body's precession angle [rad]: 0.000000 
(Xobl) Body's sin(obl)*cos(pA) []: 0.000000 
(Yobl) Body's sin(obl)*sin(pA) []: 0.000000 
(Zobl) Body's cos(obl) []: 1.000000 
(Radius) Radius [m]: 2.640533e+06 
(RadGyra) Radius of Gyration []: 0.270000 
(RotAngMom) Rotational Angular Momentum [kg*m^2/sec]: 8.214206e+29 
(RotKinEnergy) Body's Rotational Energy [kg*m^2/sec^2]: 4.445463e+24 
(RotVel) Rotational Velocity [m/sec]: 28.580713 
(BodyType) Type of Body (0 == planet) []: 0.000000 
(RotRate) Rotational Frequency [/sec]: 1.082384e-05 
(RotPer) Rotational Period [sec]: 5.804950e+05 
(SurfEnFluxTotal) Total Surface Energy Flux [kg*m^2/sec^2/(m^2*sec)]: 0.010236 
(TidalQ) Tidal Q []: 100.000000 
(ImK2) Im(k_2) []: 0.003000 
(K2) k_2 []: 0.300000 
(K2Man) Real Love Number k2 Mantle []: 0.300000 
(Imk2Man) Imaginary Love Number k2 Mantle []: 0.003000 
(HEcc) Poincare's h (=e*sin(varpi) []: 0.000000 
(HZLimitDryRunaway) Semi-major axis of Dry Runaway HZ Limit [m]: -1.000000 
(KEcc) Poincare's k (=e*cos(varpi) []: 0.010000 
(Eccentricity) Orbital Eccentricity []: 0.010000 
(OrbEnergy) Body's Total Orbital Energy [kg*m^2/sec^2]: -1.148550e+30 
(MeanMotion) Orbital Mean Motion [/sec]: 1.082384e-05 
(OrbPeriod) Orbital Period [sec]: 5.804950e+05 
(SemiMajorAxis) Semi-major Axis [m]: 3.627098e+08 
(OrbAngMom) Orbital Angular Momentum [kg*m^2/sec]: 2.122153e+35 
(TotOrbEnergy) System's Total Orbital Energy [kg*m^2/sec^2]: -1.148550e+30 
(OrbPotEnergy) Body's Orbital Potential Energy [kg*m^2/sec^2]: -2.297100e+30 
(LostEnergy) Body's Total Lost Energy [kg*m^2/sec^2]: 0.000000 
----- EQTIDE PARAMETERS (moon)------
(TidalRadius) Tidal Radius [m]: 2.640533e+06 
(DsemiDtEqtide) Total da/dt in EQTIDE [m/sec]: 1.959587e-10 
(DeccDtEqtide) Total de/dt in EQTIDE [/sec]: -3.901155e-17 
(DMeanMotionDtEqtide) Total dMeanMotion/dt in EQTIDE [/sec^2]: -8.771582e-24 
(DOrbPerDtEqtide) Total dOrbPer/dt in EQTIDE []: 4.704300e-13 
(EccTimeEqtide) Timescale for Eccentricity Evolution (e/[de/dt]) in EQTIDE [sec]: 2.563344e+14 
(SemiTimeEqtide) Timescale for Semi-major Axis Evolution (a/[da/dt]) in EQTIDE [sec]: 1.850950e+18 
(DHEccDtEqtide) Time Rate of Change of Poincare's h in EQTIDE [/sec]: -0.000000 
(DKEccDtEqtide) Time Rate of Change of Poincare's k in EQTIDE [/sec]: -3.901155e-17 
(DXoblDtEqtide) Time Rate of Change of Laskar's X in EQTIDE [/sec]: 0.000000 
(DYoblDtEqtide) Time Rate of Change of Laskar's Y in EQTIDE [/sec]: 0.000000 
(DZoblDtEqtide) Time Rate of Change of Laskar's Z in EQTIDE [/sec]: 0.000000 
(LockTime) Time when body tidally locked. [sec]: 0.000000 
(BodyDsemiDtEqtide) Body's Contribution to dSemi/dt in EQTIDE []: -1.000000 
(BodyDeccDt) Body's Contribution to dEcc/dt in EQTIDE []: -1.000000 
(DOblDtEqtide) Time Rate of Change of Obliquity in EQTIDE [rad/sec]: 0.000000 
(DRotPerDtEqtide) Time Rate of Change of Rotation Period in EQTIDE []: -2.983332e-298 
(DRotRateDtEqtide) Time Rate of Change of Rotational Frequency in EQTIDE [/sec^2]: 5.562685e-309 
(EqRotRateDiscrete) CPL2 Discrete Equilibrium Spin Rate [/sec]: 1.082384e-05 
(EqRotPerDiscrete) CPL2 Discrete Equilibrium Spin Period [sec]: 5.804950e+05 
(EqRotRateCont) CPL2 Continuous Equilibrium Spin Rate [/sec]: 1.083412e-05 
(EqRotPerCont) CPL2 Continuous Equilibrium Rotation Period [sec]: 5.799440e+05 
(EqRotPer) Equilibrium Rotation Period [sec]: 5.804950e+05 
(EqRotRate) Equilibrium Rotation Rate [/sec]: 1.082384e-05 
(GammaRot) Gamma_Rotation [cgs]: -1.000000 
(GammaOrb) Gamma_Orbital [cgs]: -1.000000 
(OceanK2) K2_Ocean []: 1.000000 
(EnvTidalQ) Envelope Tidal Q []: 0.010000 
(OceanTidalQ) Ocean Tidal Q []: 30.000000 
(TideLock) Tidally Locked? []: 1.000000 
(RotTimeEqtide) Timescale for Rotational Evolution in EQTIDE [sec]: 1.945794e+303 
(EnvK2) K2_Env []: 0.010000 
(OblTimeEqtide) Timescale for Obliquity Evolution in EQTIDE []: -1.000000 
(PowerEqtide) Internal Power due to Tides in EQTIDE [TW]: 0.896854 
(SurfEnFluxEqtide) Surface Energy Flux due to Tides in EQTIDE [kg*m^2/sec^2/(m^2*sec)]: 0.010236 
Tidal Perturbers: planet
Output Order: Age[year] PowerEqtide[TW] SemiMajorAxis[Earth] Eccentricity[]
Grid Output Order:



---- FINAL SYSTEM PROPERTIES ----
(Age) System Age [sec]: 3.155760e+11 
(Time) Simulation Time [sec]: 3.155760e+11 
(TotAngMom) Total Angular Momentum [kg*m^2/sec]: 3.036371e+35 
(TotEnergy) Total System Energy [kg*m^2/sec^2]: -1.125478e+34 
(PotEnergy) Body's non-orbital Potential Energy [kg*m^2/sec^2]: -1.125440e+34 
(KinEnergy) Body's non-orbital Kinetic Energy [kg*m^2/sec^2]: 1.108052e+30 
(DeltaTime) Average Timestep Over Last Output Interval [sec]: 3.155760e+05 
(Density) Average Density [kg/m^3]: 2.275528e+04 
(LongP) Body's Longitude of pericenter [rad]: 0.000000 
(LXUVTot) Total XUV Luminosity [kg*m^2/sec^2/(m^2*sec)]: 0.000000 

----- BODY: planet ----
Active Modules: EQTIDE
Module Bit Sum: 3
Color: 000000
(Mass) Mass [kg]: 8.361060e+25 
(Obliquity) Obliquity [rad]: 0.000000 
(PrecA) Body's precession angle [rad]: 0.000000 
(Xobl) Body's sin(obl)*cos(pA) []: 0.000000 
(Yobl) Body's sin(obl)*sin(pA) []: 0.000000 
(Zobl) Body's cos(obl) []: 1.000000 
(Radius) Radius [m]: 2.487459e+07 
(RadGyra) Radius of Gyration []: 0.270000 
(RotAngMom) Rotational Angular Momentum [kg*m^2/sec]: 9.142088e+34 
(RotKinEnergy) Body's Rotational Energy [kg*m^2/sec^2]: 1.108052e+30 
(RotVel) Rotational Velocity [m/sec]: 602.976786 
(BodyType) Type of Body (0 == planet) []: 0.000000 
(RotRate) Rotational Frequency [/sec]: 2.424067e-05 
(RotPer) Rotational Period [sec]: 2.592001e+05 
(SurfEnFluxTotal) Total Surface Energy Flux [kg*m^2/sec^2/(m^2*sec)]: 0.000242 
(TidalQ) Tidal Q []: 1.000000e+05 
(ImK2) Im(k_2) []: 1.500000e-05 
(K2) k_2 []: 1.500000 
(K2Man) Real Love Number k2 Mantle []: 1.500000 
(Imk2Man) Imaginary Love Number k2 Mantle []: 1.500000e-05 
(HEcc) Poincare's h (=e*sin(varpi) []: 0.000000 
(HZLimitDryRunaway) Semi-major axis of Dry Runaway HZ Limit [m]: -1.000000 
(KEcc) Poincare's k (=e*cos(varpi) []: 0.000000 
(Eccentricity) Orbital Eccentricity []: -1.000000 
(OrbEnergy) Body's Total Orbital Energy [kg*m^2/sec^2]: 0.000000 
(MeanMotion) Orbital Mean Motion [/sec]: -1.000000 
(OrbPeriod) Orbital Period [sec]: -1.000000 
(SemiMajorAxis) Semi-major Axis [m]: -1.000000 
(OrbAngMom) Orbital Angular Momentum [kg*m^2/sec]: 0.000000 
(TotOrbEnergy) System's Total Orbital Energy [kg*m^2/sec^2]: -1.148550e+30 
(OrbPotEnergy) Body's Orbital Potential Energy [kg*m^2/sec^2]: -1.000000 
(LostEnergy) Body's Total Lost Energy [kg*m^2/sec^2]: 5.928990e+23 
----- EQTIDE PARAMETERS (planet)------
(LockTime) Time when body tidally locked. [sec]: -1.000000 
(BodyDsemiDtEqtide) Body's Contribution to dSemi/dt in EQTIDE []: -1.000000 
(BodyDeccDt) Body's Contribution to dEcc/dt in EQTIDE []: -1.000000 
(DOblDtEqtide) Time Rate of Change of Obliquity in EQTIDE [rad/sec]: 0.000000 
(DRotPerDtEqtide) Time Rate of Change of Rotation Period in EQTIDE []: 3.972572e-13 
(DRotRateDtEqtide) Time Rate of Change of Rotational Frequency in EQTIDE [/sec^2]: -3.715191e-23 
(EqRotRateDiscrete) CPL2 Discrete Equilibrium Spin Rate [/sec]: 1.082384e-05 
(EqRotPerDiscrete) CPL2 Discrete Equilibrium Spin Period [sec]: 5.804951e+05 
(EqRotRateCont) CPL2 Continuous Equilibrium Spin Rate [/sec]: 1.083410e-05 
(EqRotPerCont) CPL2 Continuous Equilibrium Rotation Period [sec]: 5.799455e+05 
(EqRotPer) Equilibrium Rotation Period [sec]: 5.804951e+05 
(EqRotRate) Equilibrium Rotation Rate [/sec]: 1.082384e-05 
(GammaRot) Gamma_Rotation [cgs]: -1.000000 
(GammaOrb) Gamma_Orbital [cgs]: -1.000000 
(OceanK2) K2_Ocean []: 1.000000 
(EnvTidalQ) Envelope Tidal Q []: 0.010000 
(OceanTidalQ) Ocean Tidal Q []: 30.000000 
(TideLock) Tidally Locked? []: 0.000000 
(RotTimeEqtide) Timescale for Rotational Evolution in EQTIDE [sec]: 6.524744e+17 
(EnvK2) K2_Env []: 0.010000 
(OblTimeEqtide) Timescale for Obliquity Evolution in EQTIDE []: -1.000000 
(PowerEqtide) Internal Power due to Tides in EQTIDE [TW]: 1.879094 
(SurfEnFluxEqtide) Surface Energy Flux due to Tides in EQTIDE [kg*m^2/sec^2/(m^2*sec)]: 0.000242 
Tidal Perturbers: moon
Output Order: Age[year] PowerEqtide[TW]
Grid Output Order:

----- BODY: moon ----
Active Modules: EQTIDE
Module Bit Sum: 3
Color: 000000
(Mass) Mass [kg]: 1.493047e+23 
(Obliquity) Obliquity [rad]: 0.000000 
(PrecA) Body's precession angle [rad]: 0.000000 
(Xobl) Body's sin(obl)*cos(pA) []: 0.000000 
(Yobl) Body's sin(obl)*sin(pA) []: 0.000000 
(Zobl) Body's cos(obl) []: 1.000000 
(Radius) Radius [m]: 2.640533e+06 
(RadGyra) Radius of Gyration []: 0.270000 
(RotAngMom) Rotational Angular Momentum [kg*m^2/sec]: 8.214204e+29 
(RotKinEnergy) Body's Rotational Energy [kg*m^2/sec^2]: 4.445460e+24 
(RotVel) Rotational Velocity [m/sec]: 28.580705 
(BodyType) Type of Body (0 == planet) []: 0.000000 
(RotRate) Rotational Frequency [/sec]: 1.082384e-05 
(RotPer) Rotational Period [sec]: 5.804951e+05 
(SurfEnFluxTotal) Total Surface Energy Flux [kg*m^2/sec^2/(m^2*sec)]: 0.010211 
(TidalQ) Tidal Q []: 100.000000 
(ImK2) Im(k_2) []: 0.003000 
(K2) k_2 []: 0.300000 
(K2Man) Real Love Number k2 Mantle []: 0.300000 
(Imk2Man) Imaginary Love Number k2 Mantle []: 0.003000 
(HEcc) Poincare's h (=e*sin(varpi) []: 0.000000 
(HZLimitDryRunaway) Semi-major axis of Dry Runaway HZ Limit [m]: -1.000000 
(KEcc) Poincare's k (=e*cos(varpi) []: 0.009988 
(Eccentricity) Orbital Eccentricity []: 0.009988 
(OrbEnergy) Body's Total Orbital Energy [kg*m^2/sec^2]: -1.148550e+30 
(MeanMotion) Orbital Mean Motion [/sec]: 1.082384e-05 
(OrbPeriod) Orbital Period [sec]: 5.804951e+05 
(SemiMajorAxis) Semi-major Axis [m]: 3.627099e+08 
(OrbAngMom) Orbital Angular Momentum [kg*m^2/sec]: 2.122154e+35 
(TotOrbEnergy) System's Total Orbital Energy [kg*m^2/sec^2]: -1.148550e+30 
(OrbPotEnergy) Body's Orbital Potential Energy [kg*m^2/sec^2]: -2.297099e+30 
(LostEnergy) Body's Total Lost Energy [kg*m^2/sec^2]: 2.826301e+23 
----- EQTIDE PARAMETERS (moon)------
(TidalRadius) Tidal Radius [m]: 2.640533e+06 
(DsemiDtEqtide) Total da/dt in EQTIDE [m/sec]: 1.966535e-10 
(DeccDtEqtide) Total de/dt in EQTIDE [/sec]: -3.896351e-17 
(DMeanMotionDtEqtide) Total dMeanMotion/dt in EQTIDE [/sec^2]: -8.802680e-24 
(DOrbPerDtEqtide) Total dOrbPer/dt in EQTIDE []: 4.720980e-13 
(EccTimeEqtide) Timescale for Eccentricity Evolution (e/[de/dt]) in EQTIDE [sec]: 2.563346e+14 
(SemiTimeEqtide) Timescale for Semi-major Axis Evolution (a/[da/dt]) in EQTIDE [sec]: 1.844411e+18 
(DHEccDtEqtide) Time Rate of Change of Poincare's h in EQTIDE [/sec]: -0.000000 
(DKEccDtEqtide) Time Rate of Change of Poincare's k in EQTIDE [/sec]: -3.896351e-17 
(DXoblDtEqtide) Time Rate of Change of Laskar's X in EQTIDE [/sec]: 0.000000 
(DYoblDtEqtide) Time Rate of Change of Laskar's Y in EQTIDE [/sec]: 0.000000 
(DZoblDtEqtide) Time Rate of Change of Laskar's Z in EQTIDE [/sec]: 0.000000 
(LockTime) Time when body tidally locked. [sec]: 0.000000 
(BodyDsemiDtEqtide) Body's Contribution to dSemi/dt in EQTIDE []: -1.000000 
(BodyDeccDt) Body's Contribution to dEcc/dt in EQTIDE []: -1.000000 
(DOblDtEqtide) Time Rate of Change of Obliquity in EQTIDE [rad/sec]: 0.000000 
(DRotPerDtEqtide) Time Rate of Change of Rotation Period in EQTIDE []: -2.983333e-298 
(DRotRateDtEqtide) Time Rate of Change of Rotational Frequency in EQTIDE [/sec^2]: 5.562685e-309 
(EqRotRateDiscrete) CPL2 Discrete Equilibrium Spin Rate [/sec]: 1.082384e-05 
(EqRotPerDiscrete) CPL2 Discrete Equilibrium Spin Period [sec]: 5.804951e+05 
(EqRotRateCont) CPL2 Continuous Equilibrium Spin Rate [/sec]: 1.083410e-05 
(EqRotPerCont) CPL2 Continuous Equilibrium Rotation Period [sec]: 5.799455e+05 
(EqRotPer) Equilibrium Rotation Period [sec]: 5.804951e+05 
(EqRotRate) Equilibrium Rotation Rate [/sec]: 1.082384e-05 
(GammaRot) Gamma_Rotation [cgs]: -1.000000 
(GammaOrb) Gamma_Orbital [cgs]: -1.000000 
(OceanK2) K2_Ocean []: 1.000000 
(EnvTidalQ) Envelope Tidal Q []: 0.010000 
(OceanTidalQ) Ocean Tidal Q []: 30.000000 
(TideLock) Tidally Locked? []: 1.000000 
(RotTimeEqtide) Timescale for Rotational Evolution in EQTIDE [sec]: 1.945794e+303 
(EnvK2) K2_Env []: 0.010000 
(OblTimeEqtide) Timescale for Obliquity Evolution in EQTIDE []: -1.000000 
(PowerEqtide) Internal Power due to Tides in EQTIDE [TW]: 0.894647 
(SurfEnFluxEqtide) Surface Energy Flux due to Tides in EQTIDE [kg*m^2/sec^2/(m^2*sec)]: 0.010211 
Tidal Perturbers: planet
Output Order: Age[year] PowerEqtide[TW] SemiMajorAxis[Earth] Eccentricity[]
Grid Output Order:

Runtime = 0 s
Total Number of Steps = 1000
