-------- Log file moonheat.log -------

Executable: /home/hector/Dropbox/UNIVERSIDAD/Pittsburgh/Habitable_zones/vplanet/vplanet
System Name: moonheat
Primary Input File: vpl.in
Body File #1: planet.in
Body File #2: moon.in
Allow files to be overwitten: Yes
Mass Units: Kilograms
Length Units: Meters
Time Units: Seconds
Angle Units: Radians

------- FORMATTING -----
Verbosity Level: 5
Crossover Decade for Scientific Notation: 4
Number of Digits After Decimal: 6
Integration Method: Runge-Kutta4
Direction: Forward
Time Step: 3.155760e+07
Stop Time: 3.155760e+11
Output Interval: 3.155760e+08
Use Variable Timestep: Yes
dEta: 0.010000
Minimum Value of ecc and obl: 0.000000


---- INITIAL SYSTEM PROPERTIES ----
(Age) System Age [sec]: 0.000000 
(Time) Simulation Time [sec]: 0.000000 
(TotAngMom) Total Angular Momentum [kg*m^2/sec]: 2.039165e+35 
(TotEnergy) Total System Energy [kg*m^2/sec^2]: -2.650677e+35 
(PotEnergy) Body's non-orbital Potential Energy [kg*m^2/sec^2]: -2.650677e+35 
(KinEnergy) Body's non-orbital Kinetic Energy [kg*m^2/sec^2]: 1.681352e+29 
(DeltaTime) Average Timestep Over Last Output Interval [sec]: inf 
(Density) Average Density [kg/m^3]: 1.891007e+04 
(LongP) Body's Longitude of pericenter [rad]: 0.000000 
(LXUVTot) Total XUV Luminosity [kg*m^2/sec^2/(m^2*sec)]: 0.000000 

----- BODY: planet ----
Active Modules: EQTIDE
Module Bit Sum: 3
Color: 000000
(Mass) Mass [kg]: 5.775104e+26 
(Obliquity) Obliquity [rad]: 0.000000 
(PrecA) Body's precession angle [rad]: 0.000000 
(Xobl) Body's sin(obl)*cos(pA) []: 0.000000 
(Yobl) Body's sin(obl)*sin(pA) []: 0.000000 
(Zobl) Body's cos(obl) []: 1.000000 
(Radius) Radius [m]: 5.038699e+07 
(RadGyra) Radius of Gyration []: 0.270000 
(RotAngMom) Rotational Angular Momentum [kg*m^2/sec]: 1.895861e+35 
(RotKinEnergy) Body's Rotational Energy [kg*m^2/sec^2]: 1.681352e+29 
(RotVel) Rotational Velocity [m/sec]: 89.371837 
(BodyType) Type of Body (0 == planet) []: 0.000000 
(RotRate) Rotational Frequency [/sec]: 1.773709e-06 
(RotPer) Rotational Period [sec]: 3.542400e+06 
(SurfEnFluxTotal) Total Surface Energy Flux [kg*m^2/sec^2/(m^2*sec)]: 2.652297e-07 
(TidalQ) Tidal Q []: 2.350000e+05 
(ImK2) Im(k_2) []: 6.382979e-06 
(K2) k_2 []: 1.500000 
(K2Man) Real Love Number k2 Mantle []: 1.500000 
(Imk2Man) Imaginary Love Number k2 Mantle []: 6.382979e-06 
(HEcc) Poincare's h (=e*sin(varpi) []: 0.000000 
(HZLimitDryRunaway) Semi-major axis of Dry Runaway HZ Limit [m]: -1.000000 
(KEcc) Poincare's k (=e*cos(varpi) []: 0.000000 
(Eccentricity) Orbital Eccentricity []: -1.000000 
(OrbEnergy) Body's Total Orbital Energy [kg*m^2/sec^2]: 0.000000 
(MeanMotion) Orbital Mean Motion [/sec]: -1.000000 
(OrbPeriod) Orbital Period [sec]: -1.000000 
(SemiMajorAxis) Semi-major Axis [m]: -1.000000 
(OrbAngMom) Orbital Angular Momentum [kg*m^2/sec]: 0.000000 
(TotOrbEnergy) System's Total Orbital Energy [kg*m^2/sec^2]: -1.584736e+29 
(OrbPotEnergy) Body's Orbital Potential Energy [kg*m^2/sec^2]: -1.000000 
(LostEnergy) Body's Total Lost Energy [kg*m^2/sec^2]: 0.000000 
----- EQTIDE PARAMETERS (planet)------
(LockTime) Time when body tidally locked. [sec]: -1.000000 
(BodyDsemiDtEqtide) Body's Contribution to dSemi/dt in EQTIDE []: -1.000000 
(BodyDeccDt) Body's Contribution to dEcc/dt in EQTIDE []: -1.000000 
(DOblDtEqtide) Time Rate of Change of Obliquity in EQTIDE [rad/sec]: 0.000000 
(DRotPerDtEqtide) Time Rate of Change of Rotation Period in EQTIDE []: -7.766761e-15 
(DRotRateDtEqtide) Time Rate of Change of Rotational Frequency in EQTIDE [/sec^2]: 3.888880e-27 
(EqRotRateDiscrete) CPL2 Discrete Equilibrium Spin Rate [/sec]: 2.211609e-05 
(EqRotPerDiscrete) CPL2 Discrete Equilibrium Spin Period [sec]: 2.841002e+05 
(EqRotRateCont) CPL2 Continuous Equilibrium Spin Rate [/sec]: 2.213710e-05 
(EqRotPerCont) CPL2 Continuous Equilibrium Rotation Period [sec]: 2.838305e+05 
(EqRotPer) Equilibrium Rotation Period [sec]: 2.841002e+05 
(EqRotRate) Equilibrium Rotation Rate [/sec]: 2.211609e-05 
(GammaRot) Gamma_Rotation [cgs]: -1.000000 
(GammaOrb) Gamma_Orbital [cgs]: -1.000000 
(OceanK2) K2_Ocean []: 1.000000 
(EnvTidalQ) Envelope Tidal Q []: 0.010000 
(OceanTidalQ) Ocean Tidal Q []: 30.000000 
(TideLock) Tidally Locked? []: 0.000000 
(RotTimeEqtide) Timescale for Rotational Evolution in EQTIDE [sec]: 4.560975e+20 
(EnvK2) K2_Env []: 0.010000 
(OblTimeEqtide) Timescale for Obliquity Evolution in EQTIDE []: -1.000000 
(PowerEqtide) Internal Power due to Tides in EQTIDE [TW]: 0.008462 
(SurfEnFluxEqtide) Surface Energy Flux due to Tides in EQTIDE [kg*m^2/sec^2/(m^2*sec)]: 2.652297e-07 
Tidal Perturbers: moon
Output Order: Age[year] PowerEqtide[TW]
Grid Output Order:

----- BODY: moon ----
Active Modules: EQTIDE
Module Bit Sum: 3
Color: 000000
(Mass) Mass [kg]: 3.525381e+21 
(Obliquity) Obliquity [rad]: 0.000000 
(PrecA) Body's precession angle [rad]: 0.000000 
(Xobl) Body's sin(obl)*cos(pA) []: 0.000000 
(Yobl) Body's sin(obl)*sin(pA) []: 0.000000 
(Zobl) Body's cos(obl) []: 1.000000 
(Radius) Radius [m]: 2.640533e+06 
(RadGyra) Radius of Gyration []: 0.270000 
(RotAngMom) Rotational Angular Momentum [kg*m^2/sec]: 3.963012e+28 
(RotKinEnergy) Body's Rotational Energy [kg*m^2/sec^2]: 4.382316e+23 
(RotVel) Rotational Velocity [m/sec]: 58.398278 
(BodyType) Type of Body (0 == planet) []: 0.000000 
(RotRate) Rotational Frequency [/sec]: 2.211609e-05 
(RotPer) Rotational Period [sec]: 2.841002e+05 
(SurfEnFluxTotal) Total Surface Energy Flux [kg*m^2/sec^2/(m^2*sec)]: 0.365854 
(TidalQ) Tidal Q []: 100.000000 
(ImK2) Im(k_2) []: 0.003000 
(K2) k_2 []: 0.300000 
(K2Man) Real Love Number k2 Mantle []: 0.300000 
(Imk2Man) Imaginary Love Number k2 Mantle []: 0.003000 
(HEcc) Poincare's h (=e*sin(varpi) []: 0.000000 
(HZLimitDryRunaway) Semi-major axis of Dry Runaway HZ Limit [m]: -1.000000 
(KEcc) Poincare's k (=e*cos(varpi) []: 0.010000 
(Eccentricity) Orbital Eccentricity []: 0.010000 
(OrbEnergy) Body's Total Orbital Energy [kg*m^2/sec^2]: -1.584736e+29 
(MeanMotion) Orbital Mean Motion [/sec]: 2.211609e-05 
(OrbPeriod) Orbital Period [sec]: 2.841002e+05 
(SemiMajorAxis) Semi-major Axis [m]: 4.287295e+08 
(OrbAngMom) Orbital Angular Momentum [kg*m^2/sec]: 1.433035e+34 
(TotOrbEnergy) System's Total Orbital Energy [kg*m^2/sec^2]: -1.584736e+29 
(OrbPotEnergy) Body's Orbital Potential Energy [kg*m^2/sec^2]: -3.169472e+29 
(LostEnergy) Body's Total Lost Energy [kg*m^2/sec^2]: 0.000000 
----- EQTIDE PARAMETERS (moon)------
(TidalRadius) Tidal Radius [m]: 2.640533e+06 
(DsemiDtEqtide) Total da/dt in EQTIDE [m/sec]: -8.674652e-08 
(DeccDtEqtide) Total de/dt in EQTIDE [/sec]: -1.011380e-14 
(DMeanMotionDtEqtide) Total dMeanMotion/dt in EQTIDE [/sec^2]: 6.712253e-21 
(DOrbPerDtEqtide) Total dOrbPer/dt in EQTIDE []: -8.622465e-11 
(EccTimeEqtide) Timescale for Eccentricity Evolution (e/[de/dt]) in EQTIDE [sec]: 9.887485e+11 
(SemiTimeEqtide) Timescale for Semi-major Axis Evolution (a/[da/dt]) in EQTIDE [sec]: 4.942325e+15 
(DHEccDtEqtide) Time Rate of Change of Poincare's h in EQTIDE [/sec]: -0.000000 
(DKEccDtEqtide) Time Rate of Change of Poincare's k in EQTIDE [/sec]: -1.011380e-14 
(DXoblDtEqtide) Time Rate of Change of Laskar's X in EQTIDE [/sec]: 0.000000 
(DYoblDtEqtide) Time Rate of Change of Laskar's Y in EQTIDE [/sec]: 0.000000 
(DZoblDtEqtide) Time Rate of Change of Laskar's Z in EQTIDE [/sec]: 0.000000 
(LockTime) Time when body tidally locked. [sec]: 0.000000 
(BodyDsemiDtEqtide) Body's Contribution to dSemi/dt in EQTIDE []: -1.000000 
(BodyDeccDt) Body's Contribution to dEcc/dt in EQTIDE []: -1.000000 
(DOblDtEqtide) Time Rate of Change of Obliquity in EQTIDE [rad/sec]: 0.000000 
(DRotPerDtEqtide) Time Rate of Change of Rotation Period in EQTIDE []: -7.145746e-299 
(DRotRateDtEqtide) Time Rate of Change of Rotational Frequency in EQTIDE [/sec^2]: 5.562685e-309 
(EqRotRateDiscrete) CPL2 Discrete Equilibrium Spin Rate [/sec]: 2.211609e-05 
(EqRotPerDiscrete) CPL2 Discrete Equilibrium Spin Period [sec]: 2.841002e+05 
(EqRotRateCont) CPL2 Continuous Equilibrium Spin Rate [/sec]: 2.213710e-05 
(EqRotPerCont) CPL2 Continuous Equilibrium Rotation Period [sec]: 2.838305e+05 
(EqRotPer) Equilibrium Rotation Period [sec]: 2.841002e+05 
(EqRotRate) Equilibrium Rotation Rate [/sec]: 2.211609e-05 
(GammaRot) Gamma_Rotation [cgs]: -1.000000 
(GammaOrb) Gamma_Orbital [cgs]: -1.000000 
(OceanK2) K2_Ocean []: 1.000000 
(EnvTidalQ) Envelope Tidal Q []: 0.010000 
(OceanTidalQ) Ocean Tidal Q []: 30.000000 
(TideLock) Tidally Locked? []: 1.000000 
(RotTimeEqtide) Timescale for Rotational Evolution in EQTIDE [sec]: 3.975795e+303 
(EnvK2) K2_Env []: 0.010000 
(OblTimeEqtide) Timescale for Obliquity Evolution in EQTIDE []: -1.000000 
(PowerEqtide) Internal Power due to Tides in EQTIDE [TW]: 32.055389 
(SurfEnFluxEqtide) Surface Energy Flux due to Tides in EQTIDE [kg*m^2/sec^2/(m^2*sec)]: 0.365854 
Tidal Perturbers: planet
Output Order: Age[year] PowerEqtide[TW] SemiMajorAxis[Earth] Eccentricity[]
Grid Output Order:



---- FINAL SYSTEM PROPERTIES ----
(Age) System Age [sec]: 3.155760e+11 
(Time) Simulation Time [sec]: 3.155760e+11 
(TotAngMom) Total Angular Momentum [kg*m^2/sec]: 2.039165e+35 
(TotEnergy) Total System Energy [kg*m^2/sec^2]: -2.650677e+35 
(PotEnergy) Body's non-orbital Potential Energy [kg*m^2/sec^2]: -2.650677e+35 
(KinEnergy) Body's non-orbital Kinetic Energy [kg*m^2/sec^2]: 1.681352e+29 
(DeltaTime) Average Timestep Over Last Output Interval [sec]: 3.155760e+05 
(Density) Average Density [kg/m^3]: 1.891007e+04 
(LongP) Body's Longitude of pericenter [rad]: 0.000000 
(LXUVTot) Total XUV Luminosity [kg*m^2/sec^2/(m^2*sec)]: 0.000000 

----- BODY: planet ----
Active Modules: EQTIDE
Module Bit Sum: 3
Color: 000000
(Mass) Mass [kg]: 5.775104e+26 
(Obliquity) Obliquity [rad]: 0.000000 
(PrecA) Body's precession angle [rad]: 0.000000 
(Xobl) Body's sin(obl)*cos(pA) []: 0.000000 
(Yobl) Body's sin(obl)*sin(pA) []: 0.000000 
(Zobl) Body's cos(obl) []: 1.000000 
(Radius) Radius [m]: 5.038699e+07 
(RadGyra) Radius of Gyration []: 0.270000 
(RotAngMom) Rotational Angular Momentum [kg*m^2/sec]: 1.895861e+35 
(RotKinEnergy) Body's Rotational Energy [kg*m^2/sec^2]: 1.681352e+29 
(RotVel) Rotational Velocity [m/sec]: 89.371837 
(BodyType) Type of Body (0 == planet) []: 0.000000 
(RotRate) Rotational Frequency [/sec]: 1.773709e-06 
(RotPer) Rotational Period [sec]: 3.542400e+06 
(SurfEnFluxTotal) Total Surface Energy Flux [kg*m^2/sec^2/(m^2*sec)]: 2.651398e-07 
(TidalQ) Tidal Q []: 2.350000e+05 
(ImK2) Im(k_2) []: 6.382979e-06 
(K2) k_2 []: 1.500000 
(K2Man) Real Love Number k2 Mantle []: 1.500000 
(Imk2Man) Imaginary Love Number k2 Mantle []: 6.382979e-06 
(HEcc) Poincare's h (=e*sin(varpi) []: 0.000000 
(HZLimitDryRunaway) Semi-major axis of Dry Runaway HZ Limit [m]: -1.000000 
(KEcc) Poincare's k (=e*cos(varpi) []: 0.000000 
(Eccentricity) Orbital Eccentricity []: -1.000000 
(OrbEnergy) Body's Total Orbital Energy [kg*m^2/sec^2]: 0.000000 
(MeanMotion) Orbital Mean Motion [/sec]: -1.000000 
(OrbPeriod) Orbital Period [sec]: -1.000000 
(SemiMajorAxis) Semi-major Axis [m]: -1.000000 
(OrbAngMom) Orbital Angular Momentum [kg*m^2/sec]: 0.000000 
(TotOrbEnergy) System's Total Orbital Energy [kg*m^2/sec^2]: -1.584811e+29 
(OrbPotEnergy) Body's Orbital Potential Energy [kg*m^2/sec^2]: -1.000000 
(LostEnergy) Body's Total Lost Energy [kg*m^2/sec^2]: 2.669433e+21 
----- EQTIDE PARAMETERS (planet)------
(LockTime) Time when body tidally locked. [sec]: -1.000000 
(BodyDsemiDtEqtide) Body's Contribution to dSemi/dt in EQTIDE []: -1.000000 
(BodyDeccDt) Body's Contribution to dEcc/dt in EQTIDE []: -1.000000 
(DOblDtEqtide) Time Rate of Change of Obliquity in EQTIDE [rad/sec]: 0.000000 
(DRotPerDtEqtide) Time Rate of Change of Rotation Period in EQTIDE []: -7.766213e-15 
(DRotRateDtEqtide) Time Rate of Change of Rotational Frequency in EQTIDE [/sec^2]: 3.888606e-27 
(EqRotRateDiscrete) CPL2 Discrete Equilibrium Spin Rate [/sec]: 2.211766e-05 
(EqRotPerDiscrete) CPL2 Discrete Equilibrium Spin Period [sec]: 2.840801e+05 
(EqRotRateCont) CPL2 Continuous Equilibrium Spin Rate [/sec]: 2.212875e-05 
(EqRotPerCont) CPL2 Continuous Equilibrium Rotation Period [sec]: 2.839376e+05 
(EqRotPer) Equilibrium Rotation Period [sec]: 2.840801e+05 
(EqRotRate) Equilibrium Rotation Rate [/sec]: 2.211766e-05 
(GammaRot) Gamma_Rotation [cgs]: -1.000000 
(GammaOrb) Gamma_Orbital [cgs]: -1.000000 
(OceanK2) K2_Ocean []: 1.000000 
(EnvTidalQ) Envelope Tidal Q []: 0.010000 
(OceanTidalQ) Ocean Tidal Q []: 30.000000 
(TideLock) Tidally Locked? []: 0.000000 
(RotTimeEqtide) Timescale for Rotational Evolution in EQTIDE [sec]: 4.561296e+20 
(EnvK2) K2_Env []: 0.010000 
(OblTimeEqtide) Timescale for Obliquity Evolution in EQTIDE []: -1.000000 
(PowerEqtide) Internal Power due to Tides in EQTIDE [TW]: 0.008459 
(SurfEnFluxEqtide) Surface Energy Flux due to Tides in EQTIDE [kg*m^2/sec^2/(m^2*sec)]: 2.651398e-07 
Tidal Perturbers: moon
Output Order: Age[year] PowerEqtide[TW]
Grid Output Order:

----- BODY: moon ----
Active Modules: EQTIDE
Module Bit Sum: 3
Color: 000000
(Mass) Mass [kg]: 3.525381e+21 
(Obliquity) Obliquity [rad]: 0.000000 
(PrecA) Body's precession angle [rad]: 0.000000 
(Xobl) Body's sin(obl)*cos(pA) []: 0.000000 
(Yobl) Body's sin(obl)*sin(pA) []: 0.000000 
(Zobl) Body's cos(obl) []: 1.000000 
(Radius) Radius [m]: 2.640533e+06 
(RadGyra) Radius of Gyration []: 0.270000 
(RotAngMom) Rotational Angular Momentum [kg*m^2/sec]: 3.963292e+28 
(RotKinEnergy) Body's Rotational Energy [kg*m^2/sec^2]: 4.382937e+23 
(RotVel) Rotational Velocity [m/sec]: 58.402414 
(BodyType) Type of Body (0 == planet) []: 0.000000 
(RotRate) Rotational Frequency [/sec]: 2.211766e-05 
(RotPer) Rotational Period [sec]: 2.840801e+05 
(SurfEnFluxTotal) Total Surface Energy Flux [kg*m^2/sec^2/(m^2*sec)]: 0.193281 
(TidalQ) Tidal Q []: 100.000000 
(ImK2) Im(k_2) []: 0.003000 
(K2) k_2 []: 0.300000 
(K2Man) Real Love Number k2 Mantle []: 0.300000 
(Imk2Man) Imaginary Love Number k2 Mantle []: 0.003000 
(HEcc) Poincare's h (=e*sin(varpi) []: 0.000000 
(HZLimitDryRunaway) Semi-major axis of Dry Runaway HZ Limit [m]: -1.000000 
(KEcc) Poincare's k (=e*cos(varpi) []: 0.007267 
(Eccentricity) Orbital Eccentricity []: 0.007267 
(OrbEnergy) Body's Total Orbital Energy [kg*m^2/sec^2]: -1.584811e+29 
(MeanMotion) Orbital Mean Motion [/sec]: 2.211766e-05 
(OrbPeriod) Orbital Period [sec]: 2.840801e+05 
(SemiMajorAxis) Semi-major Axis [m]: 4.287093e+08 
(OrbAngMom) Orbital Angular Momentum [kg*m^2/sec]: 1.433035e+34 
(TotOrbEnergy) System's Total Orbital Energy [kg*m^2/sec^2]: -1.584811e+29 
(OrbPotEnergy) Body's Orbital Potential Energy [kg*m^2/sec^2]: -3.169622e+29 
(LostEnergy) Body's Total Lost Energy [kg*m^2/sec^2]: 7.476632e+24 
----- EQTIDE PARAMETERS (moon)------
(TidalRadius) Tidal Radius [m]: 2.640533e+06 
(DsemiDtEqtide) Total da/dt in EQTIDE [m/sec]: -4.583571e-08 
(DeccDtEqtide) Total de/dt in EQTIDE [/sec]: -7.352100e-15 
(DMeanMotionDtEqtide) Total dMeanMotion/dt in EQTIDE [/sec^2]: 3.547084e-21 
(DOrbPerDtEqtide) Total dOrbPer/dt in EQTIDE []: -4.555888e-11 
(EccTimeEqtide) Timescale for Eccentricity Evolution (e/[de/dt]) in EQTIDE [sec]: 9.884451e+11 
(SemiTimeEqtide) Timescale for Semi-major Axis Evolution (a/[da/dt]) in EQTIDE [sec]: 9.353172e+15 
(DHEccDtEqtide) Time Rate of Change of Poincare's h in EQTIDE [/sec]: -0.000000 
(DKEccDtEqtide) Time Rate of Change of Poincare's k in EQTIDE [/sec]: -7.352100e-15 
(DXoblDtEqtide) Time Rate of Change of Laskar's X in EQTIDE [/sec]: 0.000000 
(DYoblDtEqtide) Time Rate of Change of Laskar's Y in EQTIDE [/sec]: 0.000000 
(DZoblDtEqtide) Time Rate of Change of Laskar's Z in EQTIDE [/sec]: 0.000000 
(LockTime) Time when body tidally locked. [sec]: 0.000000 
(BodyDsemiDtEqtide) Body's Contribution to dSemi/dt in EQTIDE []: -1.000000 
(BodyDeccDt) Body's Contribution to dEcc/dt in EQTIDE []: -1.000000 
(DOblDtEqtide) Time Rate of Change of Obliquity in EQTIDE [rad/sec]: 0.000000 
(DRotPerDtEqtide) Time Rate of Change of Rotation Period in EQTIDE []: -7.144734e-299 
(DRotRateDtEqtide) Time Rate of Change of Rotational Frequency in EQTIDE [/sec^2]: 5.562685e-309 
(EqRotRateDiscrete) CPL2 Discrete Equilibrium Spin Rate [/sec]: 2.211766e-05 
(EqRotPerDiscrete) CPL2 Discrete Equilibrium Spin Period [sec]: 2.840801e+05 
(EqRotRateCont) CPL2 Continuous Equilibrium Spin Rate [/sec]: 2.212875e-05 
(EqRotPerCont) CPL2 Continuous Equilibrium Rotation Period [sec]: 2.839376e+05 
(EqRotPer) Equilibrium Rotation Period [sec]: 2.840801e+05 
(EqRotRate) Equilibrium Rotation Rate [/sec]: 2.211766e-05 
(GammaRot) Gamma_Rotation [cgs]: -1.000000 
(GammaOrb) Gamma_Orbital [cgs]: -1.000000 
(OceanK2) K2_Ocean []: 1.000000 
(EnvTidalQ) Envelope Tidal Q []: 0.010000 
(OceanTidalQ) Ocean Tidal Q []: 30.000000 
(TideLock) Tidally Locked? []: 1.000000 
(RotTimeEqtide) Timescale for Rotational Evolution in EQTIDE [sec]: 3.976076e+303 
(EnvK2) K2_Env []: 0.010000 
(OblTimeEqtide) Timescale for Obliquity Evolution in EQTIDE []: -1.000000 
(PowerEqtide) Internal Power due to Tides in EQTIDE [TW]: 16.934904 
(SurfEnFluxEqtide) Surface Energy Flux due to Tides in EQTIDE [kg*m^2/sec^2/(m^2*sec)]: 0.193281 
Tidal Perturbers: planet
Output Order: Age[year] PowerEqtide[TW] SemiMajorAxis[Earth] Eccentricity[]
Grid Output Order:

Runtime = 1 s
Total Number of Steps = 1000
